05-31 18:21:17 com_github_MitjaNemec_ReplicateLayout.action_replicate_layout 392:Plugin executed on: 'win32'
05-31 18:21:17 com_github_MitjaNemec_ReplicateLayout.action_replicate_layout 393:Plugin executed with python version: '3.9.16 (main, Aug  8 2023, 05:38:28) [MSC v.1936 64 bit (AMD64)]'
05-31 18:21:17 com_github_MitjaNemec_ReplicateLayout.action_replicate_layout 394:KiCad build version: 7.0.7
05-31 18:21:17 com_github_MitjaNemec_ReplicateLayout.action_replicate_layout 395:Plugin version: 2.1.3
05-31 18:21:17 com_github_MitjaNemec_ReplicateLayout.action_replicate_layout 396:Frame repr: <wx._core.Frame object at 0x00000173AFA57AF0>
05-31 18:21:17 com_github_MitjaNemec_ReplicateLayout.action_replicate_layout 420:Preparing replicator with U19 as a reference
05-31 18:21:17 com_github_MitjaNemec_ReplicateLayout.replicate_layout 117:getting a list of all footprints on board
05-31 18:21:17 com_github_MitjaNemec_ReplicateLayout.action_replicate_layout 468:source anchor footprint is 'U19'
Located on: ['CAN1']
With filenames: ['SPItoCAN.kicad_sch']
With sheet_id:['CAN1']
05-31 18:21:17 com_github_MitjaNemec_ReplicateLayout.action_replicate_layout 475:Corresponding footprints are 
[('U19', ['CAN1']), ('U21', ['CAN2']), ('U23', ['CAN3']), ('U25', ['CAN4'])]
05-31 18:21:17 com_github_MitjaNemec_ReplicateLayout.action_replicate_layout 487:Showing dialog
05-31 18:21:17 com_github_MitjaNemec_ReplicateLayout.replicate_layout 424:constructing a list of sheets suitable for replication on level:'CAN1', file:'SPItoCAN.kicad_sch'
05-31 18:21:17 com_github_MitjaNemec_ReplicateLayout.replicate_layout 461:suitable sheets are:[['CAN2'], ['CAN3'], ['CAN4']]
05-31 18:21:17 com_github_MitjaNemec_ReplicateLayout.replicate_layout 1464:Level selected: ['CAN1']
05-31 18:21:17 com_github_MitjaNemec_ReplicateLayout.replicate_layout 1299:Filtering list of tracks
05-31 18:21:17 com_github_MitjaNemec_ReplicateLayout.action_replicate_layout 493:Toolbar position: wx.Point(5529, -317)
05-31 18:21:17 com_github_MitjaNemec_ReplicateLayout.action_replicate_layout 498:Dialog position: wx.Point(5090, -317)
05-31 18:21:40 com_github_MitjaNemec_ReplicateLayout.action_replicate_layout 321:User canceled the dialog
